<?xml version="1.0" encoding="UTF-8"?>
<robot generator="Robot 3.1.2.1 (Python 3.7.3 on win32)" generated="20200311 00:49:01.218" rpa="false">
<suite id="s1" name="REST-API" source="D:\Invincible\Preparation\gitpersonal\Robot-Pycharm-Project\TestCases\REST-API.robot">
<test id="s1-t1" name="Weather Details">
<kw name="Create Session" library="RequestsLibrary">
<doc>Create Session: create a HTTP session to a server</doc>
<arguments>
<arg>mysession</arg>
<arg>${BaseURL}</arg>
</arguments>
<msg timestamp="20200311 00:49:01.558" level="INFO">Creating Session using : alias=mysession, url=https://restapi.demoqa.com, headers={},                     cookies=None, auth=None, timeout=None, proxies=None, verify=False,                     debug=0 </msg>
<status status="PASS" starttime="20200311 00:49:01.558" endtime="20200311 00:49:01.562"></status>
</kw>
<kw name="Get Request" library="RequestsLibrary">
<doc>Send a GET request on the session object found using the
given `alias`</doc>
<arguments>
<arg>mysession</arg>
<arg>/utilities/weather/city/${City}</arg>
</arguments>
<assign>
<var>${Response}</var>
</assign>
<msg timestamp="20200311 00:49:02.891" level="INFO">Get Request using : alias=mysession, uri=/utilities/weather/city/Bangalore, headers=None json=None</msg>
<msg timestamp="20200311 00:49:02.891" level="INFO">c:\python37\lib\site-packages\urllib3\connectionpool.py:851: InsecureRequestWarning: Unverified HTTPS request is being made. Adding certificate verification is strongly advised. See: https://urllib3.readthedocs.io/en/latest/advanced-usage.html#ssl-warnings
  InsecureRequestWarning)</msg>
<msg timestamp="20200311 00:49:02.891" level="INFO">${Response} = &lt;Response [200]&gt;</msg>
<status status="PASS" starttime="20200311 00:49:01.562" endtime="20200311 00:49:02.891"></status>
</kw>
<kw name="Log" library="BuiltIn">
<doc>Logs the given message with the given level.</doc>
<arguments>
<arg>${Response}</arg>
</arguments>
<msg timestamp="20200311 00:49:02.895" level="INFO">&lt;Response [200]&gt;</msg>
<status status="PASS" starttime="20200311 00:49:02.895" endtime="20200311 00:49:02.895"></status>
</kw>
<kw name="Convert To String" library="BuiltIn">
<doc>Converts the given item to a Unicode string.</doc>
<arguments>
<arg>${Response.status_code}</arg>
</arguments>
<assign>
<var>${status_code}</var>
</assign>
<msg timestamp="20200311 00:49:02.903" level="INFO">${status_code} = 200</msg>
<status status="PASS" starttime="20200311 00:49:02.899" endtime="20200311 00:49:02.903"></status>
</kw>
<kw name="Should Be Equal" library="BuiltIn">
<doc>Fails if the given objects are unequal.</doc>
<arguments>
<arg>${status_code}</arg>
<arg>200</arg>
</arguments>
<status status="PASS" starttime="20200311 00:49:02.907" endtime="20200311 00:49:02.907"></status>
</kw>
<kw name="Log To Console" library="BuiltIn">
<doc>Logs the given message to the console.</doc>
<arguments>
<arg>${Response.content}</arg>
</arguments>
<status status="PASS" starttime="20200311 00:49:02.911" endtime="20200311 00:49:02.911"></status>
</kw>
<kw name="Get From Dictionary" library="Collections">
<doc>Returns a value from the given ``dictionary`` based on the given ``key``.</doc>
<arguments>
<arg>${Response.headers}</arg>
<arg>Content-Type</arg>
</arguments>
<assign>
<var>${Content-Type}</var>
</assign>
<msg timestamp="20200311 00:49:02.915" level="INFO">${Content-Type} = application/json</msg>
<status status="PASS" starttime="20200311 00:49:02.915" endtime="20200311 00:49:02.915"></status>
</kw>
<kw name="Should Be Equal" library="BuiltIn">
<doc>Fails if the given objects are unequal.</doc>
<arguments>
<arg>${Content-Type}</arg>
<arg>application/json</arg>
</arguments>
<status status="PASS" starttime="20200311 00:49:02.919" endtime="20200311 00:49:02.923"></status>
</kw>
<status status="PASS" starttime="20200311 00:49:01.558" endtime="20200311 00:49:02.923" critical="yes"></status>
</test>
<doc>Suite description</doc>
<status status="PASS" starttime="20200311 00:49:01.226" endtime="20200311 00:49:02.923"></status>
</suite>
<statistics>
<total>
<stat pass="1" fail="0">Critical Tests</stat>
<stat pass="1" fail="0">All Tests</stat>
</total>
<tag>
</tag>
<suite>
<stat pass="1" fail="0" id="s1" name="REST-API">REST-API</stat>
</suite>
</statistics>
<errors>
</errors>
</robot>
