<?xml version="1.0" encoding="UTF-8"?>
<robot generator="Robot 3.1.2.1 (Python 3.7.3 on win32)" generated="20200311 01:19:16.390" rpa="false">
<suite id="s1" name="POST-Request" source="D:\Invincible\Preparation\gitpersonal\Robot-Pycharm-Project\TestCases\REST-API\POST-Request.robot">
<test id="s1-t1" name="Customer Creation">
<kw name="Create Session" library="RequestsLibrary">
<doc>Create Session: create a HTTP session to a server</doc>
<arguments>
<arg>mysession</arg>
<arg>${BaseURL}</arg>
</arguments>
<msg timestamp="20200311 01:19:16.622" level="INFO">Creating Session using : alias=mysession, url=https://postman-echo.com, headers={},                     cookies=None, auth=None, timeout=None, proxies=None, verify=False,                     debug=0 </msg>
<status status="PASS" starttime="20200311 01:19:16.622" endtime="20200311 01:19:16.622"></status>
</kw>
<kw name="Create Dictionary" library="BuiltIn">
<doc>Creates and returns a dictionary based on the given ``items``.</doc>
<arguments>
<arg>FirstName=Raj123456</arg>
<arg>LastName=Raj123456</arg>
<arg>UserName=Raj123456</arg>
<arg>Password=Raj123456</arg>
</arguments>
<assign>
<var>${Body}</var>
</assign>
<msg timestamp="20200311 01:19:16.626" level="INFO">${Body} = {'FirstName': 'Raj123456', 'LastName': 'Raj123456', 'UserName': 'Raj123456', 'Password': 'Raj123456'}</msg>
<status status="PASS" starttime="20200311 01:19:16.626" endtime="20200311 01:19:16.626"></status>
</kw>
<kw name="Create Dictionary" library="BuiltIn">
<doc>Creates and returns a dictionary based on the given ``items``.</doc>
<arguments>
<arg>Content-Type=application/json</arg>
</arguments>
<assign>
<var>${headers}</var>
</assign>
<msg timestamp="20200311 01:19:16.626" level="INFO">${headers} = {'Content-Type': 'application/json'}</msg>
<status status="PASS" starttime="20200311 01:19:16.626" endtime="20200311 01:19:16.626"></status>
</kw>
<kw name="Post Request" library="RequestsLibrary">
<doc>Send a POST request on the session object found using the
given `alias`</doc>
<arguments>
<arg>mysession</arg>
<arg>/post</arg>
<arg>data=${Body}</arg>
<arg>headers=${headers}</arg>
</arguments>
<assign>
<var>${Response}</var>
</assign>
<msg timestamp="20200311 01:19:18.518" level="INFO">Post Request using : alias=mysession, uri=/post, data={"FirstName": "Raj123456", "LastName": "Raj123456", "UserName": "Raj123456", "Password": "Raj123456"}, headers={'Content-Type': 'application/json'}, files=None, allow_redirects=True </msg>
<msg timestamp="20200311 01:19:18.518" level="INFO">c:\python37\lib\site-packages\urllib3\connectionpool.py:851: InsecureRequestWarning: Unverified HTTPS request is being made. Adding certificate verification is strongly advised. See: https://urllib3.readthedocs.io/en/latest/advanced-usage.html#ssl-warnings
  InsecureRequestWarning)</msg>
<msg timestamp="20200311 01:19:18.518" level="INFO">${Response} = &lt;Response [200]&gt;</msg>
<status status="PASS" starttime="20200311 01:19:16.626" endtime="20200311 01:19:18.518"></status>
</kw>
<kw name="Convert To String" library="BuiltIn">
<doc>Converts the given item to a Unicode string.</doc>
<arguments>
<arg>${Response.status_code}</arg>
</arguments>
<assign>
<var>${status_code}</var>
</assign>
<msg timestamp="20200311 01:19:18.522" level="INFO">${status_code} = 200</msg>
<status status="PASS" starttime="20200311 01:19:18.522" endtime="20200311 01:19:18.522"></status>
</kw>
<kw name="Should Be Equal" library="BuiltIn">
<doc>Fails if the given objects are unequal.</doc>
<arguments>
<arg>${status_code}</arg>
<arg>200</arg>
</arguments>
<status status="PASS" starttime="20200311 01:19:18.522" endtime="20200311 01:19:18.526"></status>
</kw>
<kw name="Log" library="BuiltIn">
<doc>Logs the given message with the given level.</doc>
<arguments>
<arg>${Response}</arg>
</arguments>
<msg timestamp="20200311 01:19:18.526" level="INFO">&lt;Response [200]&gt;</msg>
<status status="PASS" starttime="20200311 01:19:18.526" endtime="20200311 01:19:18.526"></status>
</kw>
<kw name="Log To Console" library="BuiltIn">
<doc>Logs the given message to the console.</doc>
<arguments>
<arg>${Response.content}</arg>
</arguments>
<status status="PASS" starttime="20200311 01:19:18.530" endtime="20200311 01:19:18.530"></status>
</kw>
<kw name="Get From Dictionary" library="Collections">
<doc>Returns a value from the given ``dictionary`` based on the given ``key``.</doc>
<arguments>
<arg>${Response.headers}</arg>
<arg>Content-Type</arg>
</arguments>
<assign>
<var>${Content-Type}</var>
</assign>
<msg timestamp="20200311 01:19:18.534" level="INFO">${Content-Type} = application/json; charset=utf-8</msg>
<status status="PASS" starttime="20200311 01:19:18.534" endtime="20200311 01:19:18.534"></status>
</kw>
<kw name="Should Be Equal" library="BuiltIn">
<doc>Fails if the given objects are unequal.</doc>
<arguments>
<arg>${Content-Type}</arg>
<arg>application/json; charset=utf-8</arg>
</arguments>
<status status="PASS" starttime="20200311 01:19:18.538" endtime="20200311 01:19:18.538"></status>
</kw>
<status status="PASS" starttime="20200311 01:19:16.622" endtime="20200311 01:19:18.538" critical="yes"></status>
</test>
<doc>Suite description</doc>
<status status="PASS" starttime="20200311 01:19:16.394" endtime="20200311 01:19:18.538"></status>
</suite>
<statistics>
<total>
<stat pass="1" fail="0">Critical Tests</stat>
<stat pass="1" fail="0">All Tests</stat>
</total>
<tag>
</tag>
<suite>
<stat pass="1" fail="0" id="s1" name="POST-Request">POST-Request</stat>
</suite>
</statistics>
<errors>
</errors>
</robot>
